#
# There is insufficient memory for the Java Runtime Environment to continue.
# Native memory allocation (mmap) failed to map 268435456 bytes for G1 virtual space
# Possible reasons:
#   The system is out of physical RAM or swap space
#   The process is running with CompressedOops enabled, and the Java Heap may be blocking the growth of the native heap
# Possible solutions:
#   Reduce memory load on the system
#   Increase physical memory or swap space
#   Check if swap backing store is full
#   Decrease Java heap size (-Xmx/-Xms)
#   Decrease number of Java threads
#   Decrease Java thread stack sizes (-Xss)
#   Set larger code cache with -XX:ReservedCodeCacheSize=
#   JVM is running with Zero Based Compressed Oops mode in which the Java heap is
#     placed in the first 32GB address space. The Java Heap base address is the
#     maximum limit for the native heap growth. Please use -XX:HeapBaseMinAddress
#     to set the Java Heap base and to place the Java Heap above 32GB virtual address.
# This output file may be truncated or incomplete.
#
#  Out of Memory Error (os_windows.cpp:3769), pid=16272, tid=6336
#
# JRE version:  (17.0.6) (build )
# Java VM: OpenJDK 64-Bit Server VM (17.0.6+0-b2043.56-10027231, mixed mode, sharing, tiered, compressed oops, compressed class ptrs, g1 gc, windows-amd64)
# No core dump will be written. Minidumps are not enabled by default on client versions of Windows
#

---------------  S U M M A R Y ------------

Command Line: externalApp.nativessh.NativeSshAskPassApp Enter passphrase for key '/c/Users/WINDOWS/.ssh/id_ed25519': 

Host: Intel(R) Core(TM) i5-7400 CPU @ 3.00GHz, 4 cores, 15G,  Windows 10 , 64 bit Build 19041 (10.0.19041.3636)
Time: Thu Apr 25 12:30:24 2024 India Standard Time elapsed time: 0.013488 seconds (0d 0h 0m 0s)

---------------  T H R E A D  ---------------

Current thread (0x000001968c672bb0):  JavaThread "Unknown thread" [_thread_in_vm, id=6336, stack(0x000000726e000000,0x000000726e100000)]

Stack: [0x000000726e000000,0x000000726e100000]
Native frames: (J=compiled Java code, j=interpreted, Vv=VM code, C=native code)
V  [jvm.dll+0x683c9a]
V  [jvm.dll+0x8427a4]
V  [jvm.dll+0x843f9e]
V  [jvm.dll+0x844603]
V  [jvm.dll+0x249b75]
V  [jvm.dll+0x680b69]
V  [jvm.dll+0x67505a]
V  [jvm.dll+0x309acb]
V  [jvm.dll+0x310f86]
V  [jvm.dll+0x3608ee]
V  [jvm.dll+0x360b1f]
V  [jvm.dll+0x2dfbf8]
V  [jvm.dll+0x2e0b64]
V  [jvm.dll+0x814091]
V  [jvm.dll+0x36e6a1]
V  [jvm.dll+0x7f35cc]
V  [jvm.dll+0x3f0e8f]
V  [jvm.dll+0x3f29d1]
C  [jli.dll+0x526b]
C  [ucrtbase.dll+0x21bb2]
C  [KERNEL32.DLL+0x17344]
C  [ntdll.dll+0x526b1]


---------------  P R O C E S S  ---------------

Threads class SMR info:
_java_thread_list=0x00007ff9c8a4c058, length=0, elements={
}

Java Threads: ( => current thread )

Other Threads:
  0x000001968c6df0e0 GCTaskThread "GC Thread#0" [stack: 0x000000726e100000,0x000000726e200000] [id=12096]
  0x000001968c6efe70 ConcurrentGCThread "G1 Main Marker" [stack: 0x000000726e200000,0x000000726e300000] [id=10532]
  0x000001968c6f0880 ConcurrentGCThread "G1 Conc#0" [stack: 0x000000726e300000,0x000000726e400000] [id=16832]

[error occurred during error reporting (printing all threads), id 0xc0000005, EXCEPTION_ACCESS_VIOLATION (0xc0000005) at pc=0x00007ff9c8200797]

VM state: not at safepoint (not fully initialized)

VM Mutex/Monitor currently owned by a thread:  ([mutex/lock_event])
[0x000001968c66f9c0] Heap_lock - owner thread: 0x000001968c672bb0

Heap address: 0x0000000701a00000, size: 4070 MB, Compressed Oops mode: Zero based, Oop shift amount: 3

CDS archive(s) mapped at: [0x0000000000000000-0x0000000000000000-0x0000000000000000), size 0, SharedBaseAddress: 0x0000000800000000, ArchiveRelocationMode: 0.
Narrow klass base: 0x0000000000000000, Narrow klass shift: 0, Narrow klass range: 0x0

GC Precious Log:
<Empty>

Heap:
 garbage-first heap   total 0K, used 0K [0x0000000701a00000, 0x0000000800000000)
  region size 2048K, 0 young (0K), 0 survivors (0K)

[error occurred during error reporting (printing heap information), id 0xc0000005, EXCEPTION_ACCESS_VIOLATION (0xc0000005) at pc=0x00007ff9c85eda89]

GC Heap History (0 events):
No events

Dll operation events (1 events):
Event: 0.008 Loaded shared library C:\Program Files\Android\Android Studio1\jbr\bin\java.dll

Deoptimization events (0 events):
No events

Classes unloaded (0 events):
No events

Classes redefined (0 events):
No events

Internal exceptions (0 events):
No events

VM Operations (0 events):
No events

Events (0 events):
No events


Dynamic libraries:
0x00007ff6751c0000 - 0x00007ff6751ca000 	C:\Program Files\Android\Android Studio1\jbr\bin\java.exe
0x00007ffa35f10000 - 0x00007ffa36108000 	C:\WINDOWS\SYSTEM32\ntdll.dll
0x00007ffa34610000 - 0x00007ffa346cd000 	C:\WINDOWS\System32\KERNEL32.DLL
0x00007ffa33a50000 - 0x00007ffa33d46000 	C:\WINDOWS\System32\KERNELBASE.dll
0x00007ffa33620000 - 0x00007ffa33720000 	C:\WINDOWS\System32\ucrtbase.dll
0x00007ff9c7d50000 - 0x00007ff9c7d67000 	C:\Program Files\Android\Android Studio1\jbr\bin\jli.dll
0x00007ffa2d360000 - 0x00007ffa2d37b000 	C:\Program Files\Android\Android Studio1\jbr\bin\VCRUNTIME140.dll
0x00007ffa34b20000 - 0x00007ffa34cbf000 	C:\WINDOWS\System32\USER32.dll
0x00007ffa335c0000 - 0x00007ffa335e2000 	C:\WINDOWS\System32\win32u.dll
0x00007ffa34af0000 - 0x00007ffa34b1b000 	C:\WINDOWS\System32\GDI32.dll
0x00007ffa0e0b0000 - 0x00007ffa0e34a000 	C:\WINDOWS\WinSxS\amd64_microsoft.windows.common-controls_6595b64144ccf1df_6.0.19041.3636_none_60b6a03d71f818d5\COMCTL32.dll
0x00007ffa349d0000 - 0x00007ffa34a6e000 	C:\WINDOWS\System32\msvcrt.dll
0x00007ffa33810000 - 0x00007ffa33927000 	C:\WINDOWS\System32\gdi32full.dll
0x00007ffa33720000 - 0x00007ffa337bd000 	C:\WINDOWS\System32\msvcp_win.dll
0x00007ffa34cc0000 - 0x00007ffa34cf2000 	C:\WINDOWS\System32\IMM32.DLL
0x00007ffa2d5f0000 - 0x00007ffa2d5fc000 	C:\Program Files\Android\Android Studio1\jbr\bin\vcruntime140_1.dll
0x00007ffa15620000 - 0x00007ffa156ad000 	C:\Program Files\Android\Android Studio1\jbr\bin\msvcp140.dll
0x00007ff9c7f10000 - 0x00007ff9c8b7e000 	C:\Program Files\Android\Android Studio1\jbr\bin\server\jvm.dll
0x00007ffa35830000 - 0x00007ffa358e0000 	C:\WINDOWS\System32\ADVAPI32.dll
0x00007ffa33fe0000 - 0x00007ffa34080000 	C:\WINDOWS\System32\sechost.dll
0x00007ffa34d00000 - 0x00007ffa34e23000 	C:\WINDOWS\System32\RPCRT4.dll
0x00007ffa335f0000 - 0x00007ffa33617000 	C:\WINDOWS\System32\bcrypt.dll
0x00007ffa2d5a0000 - 0x00007ffa2d5a9000 	C:\WINDOWS\SYSTEM32\WSOCK32.dll
0x00007ffa0dff0000 - 0x00007ffa0e017000 	C:\WINDOWS\SYSTEM32\WINMM.dll
0x00007ffa34130000 - 0x00007ffa3419b000 	C:\WINDOWS\System32\WS2_32.dll
0x00007ffa2de80000 - 0x00007ffa2de8a000 	C:\WINDOWS\SYSTEM32\VERSION.dll
0x00007ffa31430000 - 0x00007ffa31442000 	C:\WINDOWS\SYSTEM32\kernel.appcore.dll
0x00007ffa24c60000 - 0x00007ffa24c6a000 	C:\Program Files\Android\Android Studio1\jbr\bin\jimage.dll
0x00007ffa12600000 - 0x00007ffa127e4000 	C:\WINDOWS\SYSTEM32\DBGHELP.DLL
0x00007ffa125c0000 - 0x00007ffa125f4000 	C:\WINDOWS\SYSTEM32\dbgcore.DLL
0x00007ffa33eb0000 - 0x00007ffa33f32000 	C:\WINDOWS\System32\bcryptPrimitives.dll
0x00007ffa0ef20000 - 0x00007ffa0ef45000 	C:\Program Files\Android\Android Studio1\jbr\bin\java.dll

dbghelp: loaded successfully - version: 4.0.5 - missing functions: none
symbol engine: initialized successfully - sym options: 0x614 - pdb path: .;C:\Program Files\Android\Android Studio1\jbr\bin;C:\WINDOWS\SYSTEM32;C:\WINDOWS\WinSxS\amd64_microsoft.windows.common-controls_6595b64144ccf1df_6.0.19041.3636_none_60b6a03d71f818d5;C:\Program Files\Android\Android Studio1\jbr\bin\server

VM Arguments:
java_command: externalApp.nativessh.NativeSshAskPassApp Enter passphrase for key '/c/Users/WINDOWS/.ssh/id_ed25519': 
java_class_path (initial): C:/Program Files/Android/Android Studio1/lib/externalProcess-rt.jar;C:/Program Files/Android/Android Studio1/lib/app.jar;C:/Program Files/Android/Android Studio1/lib/3rd-party-rt.jar
Launcher Type: SUN_STANDARD

[Global flags]
     intx CICompilerCount                          = 3                                         {product} {ergonomic}
     uint ConcGCThreads                            = 1                                         {product} {ergonomic}
     uint G1ConcRefinementThreads                  = 4                                         {product} {ergonomic}
   size_t G1HeapRegionSize                         = 2097152                                   {product} {ergonomic}
    uintx GCDrainStackTargetSize                   = 64                                        {product} {ergonomic}
   size_t InitialHeapSize                          = 268435456                                 {product} {ergonomic}
   size_t MarkStackSize                            = 4194304                                   {product} {ergonomic}
   size_t MaxHeapSize                              = 4267704320                                {product} {ergonomic}
   size_t MinHeapDeltaBytes                        = 2097152                                   {product} {ergonomic}
   size_t MinHeapSize                              = 8388608                                   {product} {ergonomic}
    uintx NonNMethodCodeHeapSize                   = 5832780                                {pd product} {ergonomic}
    uintx NonProfiledCodeHeapSize                  = 122912730                              {pd product} {ergonomic}
    uintx ProfiledCodeHeapSize                     = 122912730                              {pd product} {ergonomic}
    uintx ReservedCodeCacheSize                    = 251658240                              {pd product} {ergonomic}
     bool SegmentedCodeCache                       = true                                      {product} {ergonomic}
   size_t SoftMaxHeapSize                          = 4267704320                             {manageable} {ergonomic}
     bool UseCompressedClassPointers               = true                           {product lp64_product} {ergonomic}
     bool UseCompressedOops                        = true                           {product lp64_product} {ergonomic}
     bool UseG1GC                                  = true                                      {product} {ergonomic}
     bool UseLargePagesIndividualAllocation        = false                                  {pd product} {ergonomic}

Logging:
Log output configuration:
 #0: stdout all=warning uptime,level,tags
 #1: stderr all=off uptime,level,tags

Environment Variables:
JAVA_HOME=C:\Program Files\Java\jdk-18.0.1.1
PATH=C:\Program Files\Git\mingw64\libexec\git-core;C:\Program Files\Git\mingw64\bin;C:\Program Files\Git\usr\bin;C:\Users\WINDOWS\bin;C:\Python312\Scripts;C:\Python312;C:\Users\WINDOWS\AppData\Local\Programs\cursor\resources\app\bin;C:\Program Files\Common Files\Oracle\Java\javapath;C:\Program Files\Eclipse Adoptium\jdk-17.0.3.7-hotspot\bin;C:\Python310\Scripts;C:\Python310;C:\WINDOWS\system32;C:\WINDOWS;C:\WINDOWS\System32\Wbem;C:\WINDOWS\System32\WindowsPowerShell\v1.0;C:\WINDOWS\System32\OpenSSH;C:\ProgramData\chocolatey\bin;C:\flutter\bin;C:\Program Files\Git\cmd;C:\Program Files\Java\jdk-18.0.1.1;C:\Program Files\Docker\Docker\resources\bin;C:\Users\WINDOWS\AppData\Local\Microsoft\WindowsApps;C:\Users\WINDOWS\AppData\Roaming\npm;C:\Program Files\Git\usr\bin;C:\Program Files\Git\cmd;C:\Program Files\Java\jdk-18.0.1.1;C:\Program Files\JetBrains\IntelliJ IDEA Community Edition 2022.2.3\bin;C:\Users\WINDOWS\AppData\Local\Programs\cursor\resources\app\bin;C:\Users\WINDOWS\AppData\Local\Programs\cursor\resources\app\bin;C:\Program Files\nodejs;C:\Users\WINDOWS\AppData\Local\Microsoft\WindowsApps;C:\Users\WINDOWS\AppData\Local\Programs\Microsoft VS Code\bin;C:\Program Files\Git\usr\bin;C:\Program Files\Git\cmd;C:\Program Files\Java\jdk-18.0.1.1;C:\Program Files\JetBrains\IntelliJ IDEA Community Edition 2022.2.3\bin;C:\Users\WINDOWS\AppData\Roaming\npm;C:\tools\dart-sdk\bin;C:\Users\WINDOWS\AppData\Local\Pub\Cache\bin
USERNAME=WINDOWS
DISPLAY=:0.0
LC_ALL=en_US.UTF-8
TERM=xterm-256color
TMPDIR=C:\Users\WINDOWS\AppData\Local\Temp
OS=Windows_NT
PROCESSOR_IDENTIFIER=Intel64 Family 6 Model 158 Stepping 9, GenuineIntel
TMP=C:\Users\WINDOWS\AppData\Local\Temp
TEMP=C:\Users\WINDOWS\AppData\Local\Temp


JNI global refs:

[error occurred during error reporting (JNI global references), id 0xc0000005, EXCEPTION_ACCESS_VIOLATION (0xc0000005) at pc=0x00007ff9c7fc7a10]


---------------  S Y S T E M  ---------------

OS:
 Windows 10 , 64 bit Build 19041 (10.0.19041.3636)
OS uptime: 0 days 2:38 hours
Hyper-V role detected

CPU: total 4 (initial active 4) (4 cores per cpu, 1 threads per core) family 6 model 158 stepping 9 microcode 0xb4, cx8, cmov, fxsr, mmx, 3dnowpref, sse, sse2, sse3, ssse3, sse4.1, sse4.2, popcnt, lzcnt, tsc, tscinvbit, avx, avx2, aes, erms, clmul, bmi1, bmi2, adx, fma, vzeroupper, clflush, clflushopt, hv

Memory: 4k page, system-wide physical 16276M (498M free)
TotalPageFile size 44756M (AvailPageFile size 33M)
current process WorkingSet (physical memory assigned to process): 10M, peak: 10M
current process commit charge ("private bytes"): 51M, peak: 307M

vm_info: OpenJDK 64-Bit Server VM (17.0.6+0-b2043.56-10027231) for windows-amd64 JRE (17.0.6+0-b2043.56-10027231), built on Apr 28 2023 00:43:19 by "androidbuild" with MS VC++ 16.10 / 16.11 (VS2019)

END.
